<?xml version="1.0" encoding="utf-8"?><testsuites name="pytest tests"><testsuite name="pytest" errors="0" failures="0" skipped="0" tests="32" time="4.867" timestamp="2026-09-17T16:41:11.176664+00:00" hostname="agent-env-2c963e47-0e41-4dcf-9297-90855e65b28e"><testcase classname="tests.test_yogi_backend.TestAdminGuard" name="test_admin_requires_token[/api/admin/applications-GET]" time="0.384" /><testcase classname="tests.test_yogi_backend.TestAdminGuard" name="test_admin_requires_token[/api/admin/applications-POST]" time="0.105" /><testcase classname="tests.test_yogi_backend.TestApplicationCRUD" name="test_create_application" time="0.519" /><testcase classname="tests.test_yogi_backend.TestAdminGuard" name="test_admin_requires_token[/api/admin/stats-GET]" time="0.121" /><testcase classname="tests.test_yogi_backend.TestApplicationCRUD" name="test_get_application_public" time="0.121" /><testcase classname="tests.test_yogi_backend.TestAdminGuard" name="test_admin_requires_token[/api/admin/settings-PUT]" time="0.235" /><testcase classname="tests.test_yogi_backend.TestApplicationCRUD" name="test_appears_in_public_list" time="0.218" /><testcase classname="tests.test_yogi_backend.TestAdminGuard" name="test_admin_requires_token[/api/admin/categories-POST]" time="0.279" /><testcase classname="tests.test_yogi_backend.TestApplicationCRUD" name="test_update_application" time="0.232" /><testcase classname="tests.test_yogi_backend.TestAdminGuard" name="test_admin_requires_token[/api/admin/documents-POST]" time="0.141" /><testcase classname="tests.test_yogi_backend.TestApplicationCRUD" name="test_patch_unpublish" time="1.139" /><testcase classname="tests.test_yogi_backend.TestAuth" name="test_login_invalid" time="0.678" /><testcase classname="tests.test_yogi_backend.TestAuth" name="test_login_second_admin" time="0.368" /><testcase classname="tests.test_yogi_backend.TestAuth" name="test_me_requires_auth" time="0.120" /><testcase classname="tests.test_yogi_backend.TestApplicationCRUD" name="test_patch_trending_toggle" time="0.094" /><testcase classname="tests.test_yogi_backend.TestApplicationCRUD" name="test_stats" time="0.092" /><testcase classname="tests.test_yogi_backend.TestApplicationCRUD" name="test_delete_application" time="0.725" /><testcase classname="tests.test_yogi_backend.TestAuth" name="test_me_with_token" time="0.798" /><testcase classname="tests.test_yogi_backend.TestCategories" name="test_create" time="0.132" /><testcase classname="tests.test_yogi_backend.TestPublic" name="test_applications_list" time="0.077" /><testcase classname="tests.test_yogi_backend.TestPublic" name="test_categories_seeded" time="0.094" /><testcase classname="tests.test_yogi_backend.TestCategories" name="test_appears_public" time="0.097" /><testcase classname="tests.test_yogi_backend.TestPublic" name="test_documents_list" time="0.093" /><testcase classname="tests.test_yogi_backend.TestCategories" name="test_update" time="0.087" /><testcase classname="tests.test_yogi_backend.TestPublic" name="test_settings" time="0.118" /><testcase classname="tests.test_yogi_backend.TestCategories" name="test_delete" time="0.095" /><testcase classname="tests.test_yogi_backend.TestDocuments" name="test_create" time="0.113" /><testcase classname="tests.test_yogi_backend.TestSettings" name="test_update_and_persist" time="0.251" /><testcase classname="tests.test_yogi_backend.TestDocuments" name="test_update_order" time="0.097" /><testcase classname="tests.test_yogi_backend.TestDocuments" name="test_delete" time="0.069" /><testcase classname="tests.test_yogi_backend.TestSettings" name="test_empty_contact_persists" time="0.229" /><testcase classname="tests.test_yogi_backend.TestSettings" name="test_restore_final" time="0.206" /></testsuite></testsuites>